2022-07-23 17:34:21,904 - __main__ - INFO - Here's Token value: Token missing from environment!
2022-07-23 17:34:22,588 - __main__ - INFO - Today's word of the day: "Arachnophobia", Definition: Fear of spiders  
2022-07-23 12:54:08,608 - __main__ - INFO - Here's Token value: YOUR_SECRET_CODE
2022-07-23 12:54:09,239 - __main__ - INFO - Today's word of the day: "Quatridual", Definition: Lasting for four days  
2022-07-24 02:10:57,241 - __main__ - INFO - Here's Token value: YOUR_SECRET_CODE
2022-07-24 02:10:57,605 - __main__ - INFO - Today's word of the day: "Kermesse", Definition: Cycle race held in an urban area  
2022-07-25 02:03:54,478 - __main__ - INFO - Here's Token value: YOUR_SECRET_CODE
2022-07-25 02:03:54,936 - __main__ - INFO - Today's word of the day: "Hoggaster", Definition: Young sheep, hog, or boar  
2022-07-26 02:18:48,376 - __main__ - INFO - Here's Token value: YOUR_SECRET_CODE
2022-07-26 02:18:48,895 - __main__ - INFO - Today's word of the day: "Malchus", Definition: Short cutting sword  
2022-07-27 02:10:18,764 - __main__ - INFO - Here's Token value: YOUR_SECRET_CODE
2022-07-27 02:10:19,387 - __main__ - INFO - Today's word of the day: "Sinter", Definition: Deposit from hot springs; iron dross  
2022-07-28 02:02:15,343 - __main__ - INFO - Here's Token value: YOUR_SECRET_CODE
2022-07-28 02:02:15,884 - __main__ - INFO - Today's word of the day: "Faviform", Definition: Shaped like a honeycomb  
2022-07-29 02:16:04,994 - __main__ - INFO - Here's Token value: YOUR_SECRET_CODE
2022-07-29 02:16:05,412 - __main__ - INFO - Today's word of the day: "Passerine", Definition: Of, like or pertaining to sparrows  
2022-07-30 02:08:01,412 - __main__ - INFO - Here's Token value: YOUR_SECRET_CODE
2022-07-30 02:08:01,826 - __main__ - INFO - Today's word of the day: "Teleonomy", Definition: Characteristic of being governed by an overall purpose  
2022-07-31 02:20:31,912 - __main__ - INFO - Here's Token value: YOUR_SECRET_CODE
2022-07-31 02:20:32,529 - __main__ - INFO - Today's word of the day: "Neolagnium", Definition: Puberty  
2022-08-01 02:16:37,771 - __main__ - INFO - Here's Token value: YOUR_SECRET_CODE
2022-08-01 02:16:38,214 - __main__ - INFO - Today's word of the day: "Victorine", Definition: Fur scarf or stole fastened at the neck  
2022-08-02 02:22:45,958 - __main__ - INFO - Here's Token value: YOUR_SECRET_CODE
2022-08-02 02:22:46,746 - __main__ - INFO - Today's word of the day: "Interlocutor", Definition: One who converses; interpreter; participant in conversation  
